[4cf79f29] : {current_level=1, current_class=ParticipantCustomRepositoryImpl, current_method=isParticipantByEmailAndBoardId, start_time=2022-02-23 19:36:11.982, end_time=2022-02-23 19:36:12.260, elapsed_time=0, bottleneck=false}
[4cf79f29] : {current_level=0, request_param={}, current_class=ReplyAPIController, current_method=replyWrite, start_time=2022-02-23 19:36:11.977, end_time=2022-02-23 19:36:12.305, elapsed_time=0, bottleneck=false}
[abe239a2] : {current_level=0, current_class=ParticipantCustomRepositoryImpl, current_method=isParticipantByEmailAndBoardId, start_time=2022-02-23 19:36:12.788, end_time=2022-02-23 19:36:12.820, elapsed_time=0, bottleneck=false}
[4c31a29b] : {current_level=1, current_class=ReplyCustomRepositoryImpl, current_method=findRepliesAllByBoard, start_time=2022-02-23 19:36:12.825, end_time=2022-02-23 19:36:12.856, elapsed_time=0, bottleneck=false}
[4c31a29b] : {current_level=0, request_param={"boardId":"43"}, current_class=ReplyAPIController, current_method=getReplies, start_time=2022-02-23 19:36:12.825, end_time=2022-02-23 19:36:12.857, elapsed_time=0, bottleneck=false}
[cdf620df] : {current_level=1, current_class=ParticipantCustomRepositoryImpl, current_method=isParticipantByEmailAndBoardId, start_time=2022-02-23 19:36:13.156, end_time=2022-02-23 19:36:13.182, elapsed_time=0, bottleneck=false}
[cdf620df] : {Thrown_by=ReplyAPIController, Exception=com.mentoree.global.exception.NoAuthorityException: 참가자가 아닙니다, Message=참가자가 아닙니다}
[287a9691] : {current_level=0, current_class=ParticipantCustomRepositoryImpl, current_method=isParticipantByEmailAndBoardId, start_time=2022-02-23 19:36:13.478, end_time=2022-02-23 19:36:13.506, elapsed_time=0, bottleneck=false}
[0ac48f27] : {current_level=1, current_class=ParticipantCustomRepositoryImpl, current_method=isHost, start_time=2022-02-23 19:36:13.850, end_time=2022-02-23 19:36:13.888, elapsed_time=0, bottleneck=false}
[0ac48f27] : {current_level=1, current_class=ProgramCustomRepositoryImpl, current_method=findProgramById, start_time=2022-02-23 19:36:13.889, end_time=2022-02-23 19:36:13.923, elapsed_time=0, bottleneck=false}
[0ac48f27] : {current_level=1, current_class=ParticipantCustomRepositoryImpl, current_method=findAllApplicants, start_time=2022-02-23 19:36:13.924, end_time=2022-02-23 19:36:13.932, elapsed_time=0, bottleneck=false}
[0ac48f27] : {current_level=1, current_class=ParticipantCustomRepositoryImpl, current_method=countCurrentMember, start_time=2022-02-23 19:36:13.933, end_time=2022-02-23 19:36:13.937, elapsed_time=0, bottleneck=false}
[0ac48f27] : {current_level=0, request_param={}, current_class=ProgramAPIController, current_method=programApplicationListGet, start_time=2022-02-23 19:36:13.845, end_time=2022-02-23 19:36:13.938, elapsed_time=0, bottleneck=false}
[b2158052] : {current_level=1, current_class=ProgramCustomRepositoryImpl, current_method=findRecommendPrograms, start_time=2022-02-23 19:36:14.279, end_time=2022-02-23 19:36:14.328, elapsed_time=0, bottleneck=false}
[b2158052] : {current_level=0, request_param={}, current_class=ProgramAPIController, current_method=getMoreRecommendList, start_time=2022-02-23 19:36:14.278, end_time=2022-02-23 19:36:14.329, elapsed_time=0, bottleneck=false}
[0b14addc] : {current_level=1, current_class=ProgramCustomRepositoryImpl, current_method=findProgramById, start_time=2022-02-23 19:36:14.634, end_time=2022-02-23 19:36:14.657, elapsed_time=0, bottleneck=false}
[0b14addc] : {current_level=1, current_class=ParticipantCustomRepositoryImpl, current_method=findHost, start_time=2022-02-23 19:36:14.659, end_time=2022-02-23 19:36:14.667, elapsed_time=0, bottleneck=false}
[0b14addc] : {current_level=0, request_param={}, current_class=ProgramAPIController, current_method=programInfoGet, start_time=2022-02-23 19:36:14.633, end_time=2022-02-23 19:36:14.668, elapsed_time=0, bottleneck=false}
[13927019] : {current_level=1, current_class=ProgramCustomRepositoryImpl, current_method=findAllProgram, start_time=2022-02-23 19:36:14.972, end_time=2022-02-23 19:36:15.010, elapsed_time=0, bottleneck=false}
[13927019] : {current_level=0, request_param={}, current_class=ProgramAPIController, current_method=getMoreList, start_time=2022-02-23 19:36:14.971, end_time=2022-02-23 19:36:15.011, elapsed_time=0, bottleneck=false}
[4b7e8b73] : {current_level=1, current_class=ParticipantCustomRepositoryImpl, current_method=isHost, start_time=2022-02-23 19:36:15.307, end_time=2022-02-23 19:36:15.328, elapsed_time=0, bottleneck=false}
[4b7e8b73] : {Thrown_by=ProgramAPIController, Exception=com.mentoree.global.exception.NoAuthorityException: 프로그램 개최자가 아닙니다, Message=프로그램 개최자가 아닙니다}
[e9fbdcfd] : {current_level=1, current_class=ParticipantCustomRepositoryImpl, current_method=isHost, start_time=2022-02-23 19:36:15.619, end_time=2022-02-23 19:36:15.640, elapsed_time=0, bottleneck=false}
[e9fbdcfd] : {current_level=2, current_class=ParticipantCustomRepositoryImpl, current_method=findParticipantByMemberIdAndProgram, start_time=2022-02-23 19:36:15.644, end_time=2022-02-23 19:36:15.651, elapsed_time=0, bottleneck=false}
[e9fbdcfd] : {current_level=1, current_class=ProgramService, current_method=approval, start_time=2022-02-23 19:36:15.641, end_time=2022-02-23 19:36:15.652, elapsed_time=0, bottleneck=false}
[e9fbdcfd] : {current_level=0, request_param={}, current_class=ProgramAPIController, current_method=applicantAccept, start_time=2022-02-23 19:36:15.619, end_time=2022-02-23 19:36:15.652, elapsed_time=0, bottleneck=false}
[e349b44b] : {current_level=1, current_class=ParticipantCustomRepositoryImpl, current_method=isHost, start_time=2022-02-23 19:36:15.944, end_time=2022-02-23 19:36:15.966, elapsed_time=0, bottleneck=false}
[e349b44b] : {current_level=2, current_class=ParticipantCustomRepositoryImpl, current_method=findParticipantByMemberIdAndProgram, start_time=2022-02-23 19:36:15.967, end_time=2022-02-23 19:36:15.970, elapsed_time=0, bottleneck=false}
[e349b44b] : {current_level=1, current_class=ProgramService, current_method=reject, start_time=2022-02-23 19:36:15.967, end_time=2022-02-23 19:36:15.975, elapsed_time=0, bottleneck=false}
[e349b44b] : {current_level=0, request_param={}, current_class=ProgramAPIController, current_method=applicantReject, start_time=2022-02-23 19:36:15.944, end_time=2022-02-23 19:36:15.976, elapsed_time=0, bottleneck=false}
[9ffbdc07] : {current_level=2, current_class=ProgramCustomRepositoryImpl, current_method=existsByTitle, start_time=2022-02-23 19:36:16.332, end_time=2022-02-23 19:36:16.335, elapsed_time=0, bottleneck=false}
[9ffbdc07] : {current_level=1, current_class=ProgramService, current_method=createProgram, start_time=2022-02-23 19:36:16.331, end_time=2022-02-23 19:36:16.344, elapsed_time=0, bottleneck=false}
[9ffbdc07] : {current_level=0, request_param={}, current_class=ProgramAPIController, current_method=createProgram, start_time=2022-02-23 19:36:16.308, end_time=2022-02-23 19:36:16.345, elapsed_time=0, bottleneck=false}
[1d80f88d] : {current_level=2, current_class=ParticipantCustomRepositoryImpl, current_method=isApplicants, start_time=2022-02-23 19:36:16.669, end_time=2022-02-23 19:36:16.672, elapsed_time=0, bottleneck=false}
[1d80f88d] : {current_level=1, current_class=ProgramService, current_method=applyProgram, start_time=2022-02-23 19:36:16.668, end_time=2022-02-23 19:36:16.674, elapsed_time=0, bottleneck=false}
[1d80f88d] : {current_level=0, request_param={}, current_class=ProgramAPIController, current_method=applyProgram, start_time=2022-02-23 19:36:16.651, end_time=2022-02-23 19:36:16.674, elapsed_time=0, bottleneck=false}
[187d082a] : {current_level=0, current_class=ParticipantCustomRepositoryImpl, current_method=isParticipantByEmailAndProgramId, start_time=2022-02-23 19:36:16.980, end_time=2022-02-23 19:36:17.001, elapsed_time=0, bottleneck=false}
[14f297cc] : {current_level=1, current_class=ParticipantCustomRepositoryImpl, current_method=isParticipantByEmailAndProgramId, start_time=2022-02-23 19:36:17.294, end_time=2022-02-23 19:36:17.312, elapsed_time=0, bottleneck=false}
[14f297cc] : {current_level=1, current_class=ParticipantCustomRepositoryImpl, current_method=isMentor, start_time=2022-02-23 19:36:17.313, end_time=2022-02-23 19:36:17.318, elapsed_time=0, bottleneck=false}
[14f297cc] : {Thrown_by=MissionAPIController, Exception=com.mentoree.global.exception.NoAuthorityException: 참가자가 아닙니다., Message=참가자가 아닙니다.}
[b8049dca] : {current_level=0, current_class=ParticipantCustomRepositoryImpl, current_method=isParticipantByEmailAndProgramId, start_time=2022-02-23 19:36:17.624, end_time=2022-02-23 19:36:17.640, elapsed_time=0, bottleneck=false}
[3becaaa8] : {current_level=1, current_class=MissionCustomRepositoryImpl, current_method=findMissionList, start_time=2022-02-23 19:36:17.641, end_time=2022-02-23 19:36:17.650, elapsed_time=0, bottleneck=false}
[3becaaa8] : {current_level=0, request_param={"isOpen":"false","programId":"356"}, current_class=MissionAPIController, current_method=getMissionList, start_time=2022-02-23 19:36:17.640, end_time=2022-02-23 19:36:17.651, elapsed_time=0, bottleneck=false}
[95d68cd0] : {current_level=0, current_class=ParticipantCustomRepositoryImpl, current_method=isParticipantByEmailAndMissionId, start_time=2022-02-23 19:36:17.930, end_time=2022-02-23 19:36:17.951, elapsed_time=0, bottleneck=false}
[1f2ee3ad] : {current_level=1, current_class=MissionCustomRepositoryImpl, current_method=findMissionById, start_time=2022-02-23 19:36:17.953, end_time=2022-02-23 19:36:17.956, elapsed_time=0, bottleneck=false}
[1f2ee3ad] : {current_level=1, current_class=BoardCustomRepositoryImpl, current_method=findAllBoardInfoById, start_time=2022-02-23 19:36:17.957, end_time=2022-02-23 19:36:17.968, elapsed_time=0, bottleneck=false}
[1f2ee3ad] : {current_level=0, request_param={}, current_class=MissionAPIController, current_method=getMissionInfo, start_time=2022-02-23 19:36:17.953, end_time=2022-02-23 19:36:17.969, elapsed_time=0, bottleneck=false}
[dc2985fe] : {current_level=0, current_class=ParticipantCustomRepositoryImpl, current_method=isParticipantByEmailAndProgramId, start_time=2022-02-23 19:36:18.263, end_time=2022-02-23 19:36:18.277, elapsed_time=0, bottleneck=false}
[00a0d072] : {current_level=1, current_class=MissionCustomRepositoryImpl, current_method=findMissionList, start_time=2022-02-23 19:36:18.278, end_time=2022-02-23 19:36:18.283, elapsed_time=0, bottleneck=false}
[00a0d072] : {current_level=0, request_param={"programId":"402"}, current_class=MissionAPIController, current_method=getMissionList, start_time=2022-02-23 19:36:18.278, end_time=2022-02-23 19:36:18.284, elapsed_time=0, bottleneck=false}
[2820496e] : {current_level=1, current_class=ParticipantCustomRepositoryImpl, current_method=isParticipantByEmailAndProgramId, start_time=2022-02-23 19:36:18.583, end_time=2022-02-23 19:36:18.597, elapsed_time=0, bottleneck=false}
[2820496e] : {current_level=1, current_class=ParticipantCustomRepositoryImpl, current_method=isMentor, start_time=2022-02-23 19:36:18.598, end_time=2022-02-23 19:36:18.601, elapsed_time=0, bottleneck=false}
[2820496e] : {current_level=1, current_class=MissionService, current_method=createMission, start_time=2022-02-23 19:36:18.602, end_time=2022-02-23 19:36:18.606, elapsed_time=0, bottleneck=false}
[2820496e] : {current_level=0, request_param={}, current_class=MissionAPIController, current_method=createMission, start_time=2022-02-23 19:36:18.583, end_time=2022-02-23 19:36:18.606, elapsed_time=0, bottleneck=false}
[cd383377] : {current_level=0, current_class=ParticipantCustomRepositoryImpl, current_method=isParticipantByEmailAndBoardId, start_time=2022-02-23 19:36:18.894, end_time=2022-02-23 19:36:18.910, elapsed_time=0, bottleneck=false}
[1e14febb] : {current_level=1, current_class=BoardCustomRepositoryImpl, current_method=findBoardInfoById, start_time=2022-02-23 19:36:18.914, end_time=2022-02-23 19:36:18.919, elapsed_time=0, bottleneck=false}
[1e14febb] : {current_level=0, request_param={}, current_class=BoardAPIController, current_method=getBoardInfo, start_time=2022-02-23 19:36:18.911, end_time=2022-02-23 19:36:18.920, elapsed_time=0, bottleneck=false}
[123fc58e] : {Thrown_by=BoardAPIController, Exception=com.mentoree.global.exception.BindingFailureException: 잘못된 게시글 작성 요청입니다., Message=잘못된 게시글 작성 요청입니다.}
[39aed66b] : {current_level=0, current_class=ParticipantCustomRepositoryImpl, current_method=isParticipantByEmailAndBoardId, start_time=2022-02-23 19:36:19.537, end_time=2022-02-23 19:36:19.553, elapsed_time=0, bottleneck=false}
[db9efd6f] : {current_level=1, current_class=ParticipantCustomRepositoryImpl, current_method=isParticipantByEmailAndMissionId, start_time=2022-02-23 19:36:19.836, end_time=2022-02-23 19:36:19.855, elapsed_time=0, bottleneck=false}
[db9efd6f] : {current_level=1, current_class=BoardService, current_method=saveBoard, start_time=2022-02-23 19:36:19.859, end_time=2022-02-23 19:36:19.863, elapsed_time=0, bottleneck=false}
[db9efd6f] : {current_level=0, request_param={}, current_class=BoardAPIController, current_method=createBoard, start_time=2022-02-23 19:36:19.835, end_time=2022-02-23 19:36:19.864, elapsed_time=0, bottleneck=false}
[85b6861b] : {current_level=1, current_class=ParticipantCustomRepositoryImpl, current_method=isParticipantByEmailAndMissionId, start_time=2022-02-23 19:36:20.142, end_time=2022-02-23 19:36:20.160, elapsed_time=0, bottleneck=false}
[85b6861b] : {Thrown_by=BoardAPIController, Exception=com.mentoree.global.exception.NoAuthorityException: 참가자가 아닙니다., Message=참가자가 아닙니다.}
[49c82cc0] : {current_level=1, current_class=MemberService, current_method=updateMemberInfo, start_time=2022-02-23 19:36:20.471, end_time=2022-02-23 19:36:20.494, elapsed_time=0, bottleneck=false}
[49c82cc0] : {current_level=0, request_param={}, current_class=MemberProfileAPIController, current_method=updateMemberProfile, start_time=2022-02-23 19:36:20.468, end_time=2022-02-23 19:36:20.495, elapsed_time=0, bottleneck=false}
[f78291e1] : {current_level=1, current_class=MemberCustomRepositoryImpl, current_method=findMemberInfoByEmail, start_time=2022-02-23 19:36:20.792, end_time=2022-02-23 19:36:20.820, elapsed_time=0, bottleneck=false}
[f78291e1] : {current_level=0, request_param={"email":"memberA@email.com"}, current_class=MemberProfileAPIController, current_method=getMemberProfile, start_time=2022-02-23 19:36:20.792, end_time=2022-02-23 19:36:20.821, elapsed_time=0, bottleneck=false}
[89d33212] : {Thrown_by=MemberService, Exception=com.mentoree.global.exception.DuplicateExistException: Member already exist, Message=Member already exist}
[818c1003] : {Thrown_by=MemberRegisterAPIController, Exception=com.mentoree.global.exception.DuplicateExistException: Member already exist, Message=Member already exist}
[55a57255] : {current_level=1, current_class=MemberService, current_method=join, start_time=2022-02-23 19:36:21.475, end_time=2022-02-23 19:36:21.553, elapsed_time=0, bottleneck=false}
[55a57255] : {current_level=0, request_param={}, current_class=MemberRegisterAPIController, current_method=joinMemberPost, start_time=2022-02-23 19:36:21.475, end_time=2022-02-23 19:36:21.553, elapsed_time=0, bottleneck=false}
